<?xml version="1.0" encoding="UTF-8"?>
<!-- Generated by org.testng.reporters.JUnitXMLReporter -->
<testsuite ignored="0" hostname="DESKTOP-2OLSDL4" failures="0" tests="2" name="Amazon Maven" time="29.893" errors="0" timestamp="24 Mar 2019 00:22:56 GMT">
  <testcase classname="com.AmazonMaven.testCases.TC_HomePage001" name="HomePageExecution" time="14.558"/>
  <testcase classname="com.AmazonMaven.testCases.TC_TodaysDeal" name="todaysDealPageClick" time="2.595"/>
</testsuite> <!-- Amazon Maven -->
