<?xml version="1.0" encoding="UTF-8"?>
<!-- Generated by org.testng.reporters.JUnitXMLReporter -->
<testsuite ignored="0" hostname="DESKTOP-2OLSDL4" failures="0" tests="2" name="Amazon Maven" time="30.743" errors="0" timestamp="24 Mar 2019 02:11:28 GMT">
  <testcase classname="com.AmazonMaven.testCases.TC_HomePage001" name="HomePageExecution" time="12.523"/>
  <testcase classname="com.AmazonMaven.testCases.TC_TodaysDeal" name="TodayDealPAGEFunctions" time="4.959"/>
</testsuite> <!-- Amazon Maven -->
