<?xml version="1.0" encoding="UTF-8"?>
<testng-results ignored="0" total="2" passed="2" failed="0" skipped="0">
  <reporter-output>
  </reporter-output>
  <suite started-at="2019-03-24T02:10:58Z" name="AmazonMaven" finished-at="2019-03-24T02:11:28Z" duration-ms="30743">
    <groups>
    </groups>
    <test started-at="2019-03-24T02:10:58Z" name="Amazon Maven" finished-at="2019-03-24T02:11:28Z" duration-ms="30743">
      <class name="com.AmazonMaven.testCases.TC_TodaysDeal">
        <test-method is-config="true" signature="Setup()[pri:0, instance:com.AmazonMaven.testCases.TC_TodaysDeal@481a15ff]" started-at="2019-03-24T02:11:16Z" name="Setup" finished-at="2019-03-24T02:11:23Z" duration-ms="6224" status="PASS">
          <reporter-output>
          </reporter-output>
        </test-method> <!-- Setup -->
        <test-method signature="TodayDealPAGEFunctions()[pri:0, instance:com.AmazonMaven.testCases.TC_TodaysDeal@481a15ff]" started-at="2019-03-24T02:11:23Z" name="TodayDealPAGEFunctions" finished-at="2019-03-24T02:11:28Z" duration-ms="4959" status="PASS">
          <reporter-output>
          </reporter-output>
        </test-method> <!-- TodayDealPAGEFunctions -->
        <test-method is-config="true" signature="tearDown()[pri:0, instance:com.AmazonMaven.testCases.TC_TodaysDeal@481a15ff]" started-at="2019-03-24T02:11:28Z" name="tearDown" finished-at="2019-03-24T02:11:28Z" duration-ms="808" status="PASS">
          <reporter-output>
          </reporter-output>
        </test-method> <!-- tearDown -->
      </class> <!-- com.AmazonMaven.testCases.TC_TodaysDeal -->
      <class name="com.AmazonMaven.testCases.TC_HomePage001">
        <test-method is-config="true" signature="Setup()[pri:0, instance:com.AmazonMaven.testCases.TC_HomePage001@646007f4]" started-at="2019-03-24T02:10:58Z" name="Setup" finished-at="2019-03-24T02:11:03Z" duration-ms="5518" status="PASS">
          <reporter-output>
          </reporter-output>
        </test-method> <!-- Setup -->
        <test-method signature="HomePageExecution()[pri:0, instance:com.AmazonMaven.testCases.TC_HomePage001@646007f4]" started-at="2019-03-24T02:11:03Z" name="HomePageExecution" finished-at="2019-03-24T02:11:16Z" duration-ms="12523" status="PASS">
          <reporter-output>
          </reporter-output>
        </test-method> <!-- HomePageExecution -->
        <test-method is-config="true" signature="tearDown()[pri:0, instance:com.AmazonMaven.testCases.TC_HomePage001@646007f4]" started-at="2019-03-24T02:11:16Z" name="tearDown" finished-at="2019-03-24T02:11:16Z" duration-ms="679" status="PASS">
          <reporter-output>
          </reporter-output>
        </test-method> <!-- tearDown -->
      </class> <!-- com.AmazonMaven.testCases.TC_HomePage001 -->
    </test> <!-- Amazon Maven -->
  </suite> <!-- AmazonMaven -->
</testng-results>
