<?xml version="1.0" encoding="UTF-8"?>
<testng-results ignored="0" total="1" passed="1" failed="0" skipped="0">
  <reporter-output>
  </reporter-output>
  <suite started-at="2019-03-24T00:36:49Z" name="Default suite" finished-at="2019-03-24T00:37:00Z" duration-ms="10365">
    <groups>
    </groups>
    <test started-at="2019-03-24T00:36:49Z" name="Default test" finished-at="2019-03-24T00:37:00Z" duration-ms="10365">
      <class name="com.AmazonMaven.testCases.TC_TodaysDeal">
        <test-method is-config="true" signature="Setup()[pri:0, instance:com.AmazonMaven.testCases.TC_TodaysDeal@a4102b8]" started-at="2019-03-24T00:36:49Z" name="Setup" finished-at="2019-03-24T00:36:55Z" duration-ms="5713" status="PASS">
          <reporter-output>
          </reporter-output>
        </test-method> <!-- Setup -->
        <test-method signature="TodayDealPAGEFunctions()[pri:0, instance:com.AmazonMaven.testCases.TC_TodaysDeal@a4102b8]" started-at="2019-03-24T00:36:55Z" name="TodayDealPAGEFunctions" finished-at="2019-03-24T00:36:59Z" duration-ms="3863" status="PASS">
          <reporter-output>
          </reporter-output>
        </test-method> <!-- TodayDealPAGEFunctions -->
        <test-method is-config="true" signature="tearDown()[pri:0, instance:com.AmazonMaven.testCases.TC_TodaysDeal@a4102b8]" started-at="2019-03-24T00:36:59Z" name="tearDown" finished-at="2019-03-24T00:37:00Z" duration-ms="756" status="PASS">
          <reporter-output>
          </reporter-output>
        </test-method> <!-- tearDown -->
      </class> <!-- com.AmazonMaven.testCases.TC_TodaysDeal -->
    </test> <!-- Default test -->
  </suite> <!-- Default suite -->
</testng-results>
